[2025-09-16T12:04:37.867+0000] {processor.py:186} INFO - Started process (PID=316) to work on /home/airflow/.local/lib/python3.12/site-packages/airflow/example_dags/example_time_delta_sensor_async.py
[2025-09-16T12:04:37.867+0000] {processor.py:914} INFO - Processing file /home/airflow/.local/lib/python3.12/site-packages/airflow/example_dags/example_time_delta_sensor_async.py for tasks to queue
[2025-09-16T12:04:37.869+0000] {logging_mixin.py:190} INFO - [2025-09-16T12:04:37.869+0000] {dagbag.py:588} INFO - Filling up the DagBag from /home/airflow/.local/lib/python3.12/site-packages/airflow/example_dags/example_time_delta_sensor_async.py
[2025-09-16T12:04:37.876+0000] {processor.py:925} INFO - DAG(s) 'example_time_delta_sensor_async' retrieved from /home/airflow/.local/lib/python3.12/site-packages/airflow/example_dags/example_time_delta_sensor_async.py
[2025-09-16T12:04:37.948+0000] {logging_mixin.py:190} INFO - [2025-09-16T12:04:37.947+0000] {override.py:1900} INFO - Created Permission View: can delete on DAG:example_time_delta_sensor_async
[2025-09-16T12:04:37.953+0000] {logging_mixin.py:190} INFO - [2025-09-16T12:04:37.953+0000] {override.py:1900} INFO - Created Permission View: can edit on DAG:example_time_delta_sensor_async
[2025-09-16T12:04:37.957+0000] {logging_mixin.py:190} INFO - [2025-09-16T12:04:37.956+0000] {override.py:1900} INFO - Created Permission View: can read on DAG:example_time_delta_sensor_async
[2025-09-16T12:04:37.960+0000] {logging_mixin.py:190} INFO - [2025-09-16T12:04:37.960+0000] {override.py:1900} INFO - Created Permission View: menu access on DAG Run:example_time_delta_sensor_async
[2025-09-16T12:04:37.964+0000] {logging_mixin.py:190} INFO - [2025-09-16T12:04:37.964+0000] {override.py:1900} INFO - Created Permission View: can delete on DAG Run:example_time_delta_sensor_async
[2025-09-16T12:04:37.968+0000] {logging_mixin.py:190} INFO - [2025-09-16T12:04:37.968+0000] {override.py:1900} INFO - Created Permission View: can create on DAG Run:example_time_delta_sensor_async
[2025-09-16T12:04:37.971+0000] {logging_mixin.py:190} INFO - [2025-09-16T12:04:37.971+0000] {override.py:1900} INFO - Created Permission View: can read on DAG Run:example_time_delta_sensor_async
[2025-09-16T12:04:37.971+0000] {logging_mixin.py:190} INFO - [2025-09-16T12:04:37.971+0000] {dag.py:3239} INFO - Sync 1 DAGs
[2025-09-16T12:04:37.980+0000] {logging_mixin.py:190} INFO - [2025-09-16T12:04:37.980+0000] {dag.py:3262} INFO - Creating ORM DAG for example_time_delta_sensor_async
[2025-09-16T12:04:37.980+0000] {logging_mixin.py:190} INFO - [2025-09-16T12:04:37.980+0000] {dag.py:4180} INFO - Setting next_dagrun for example_time_delta_sensor_async to None, run_after=None
[2025-09-16T12:04:37.989+0000] {processor.py:208} INFO - Processing /home/airflow/.local/lib/python3.12/site-packages/airflow/example_dags/example_time_delta_sensor_async.py took 0.128 seconds
[2025-09-16T12:05:08.553+0000] {processor.py:186} INFO - Started process (PID=602) to work on /home/airflow/.local/lib/python3.12/site-packages/airflow/example_dags/example_time_delta_sensor_async.py
[2025-09-16T12:05:08.553+0000] {processor.py:914} INFO - Processing file /home/airflow/.local/lib/python3.12/site-packages/airflow/example_dags/example_time_delta_sensor_async.py for tasks to queue
[2025-09-16T12:05:08.555+0000] {logging_mixin.py:190} INFO - [2025-09-16T12:05:08.555+0000] {dagbag.py:588} INFO - Filling up the DagBag from /home/airflow/.local/lib/python3.12/site-packages/airflow/example_dags/example_time_delta_sensor_async.py
[2025-09-16T12:05:08.558+0000] {processor.py:925} INFO - DAG(s) 'example_time_delta_sensor_async' retrieved from /home/airflow/.local/lib/python3.12/site-packages/airflow/example_dags/example_time_delta_sensor_async.py
[2025-09-16T12:05:08.572+0000] {logging_mixin.py:190} INFO - [2025-09-16T12:05:08.572+0000] {dag.py:3239} INFO - Sync 1 DAGs
[2025-09-16T12:05:08.579+0000] {logging_mixin.py:190} INFO - [2025-09-16T12:05:08.579+0000] {dag.py:4180} INFO - Setting next_dagrun for example_time_delta_sensor_async to None, run_after=None
[2025-09-16T12:05:08.589+0000] {processor.py:208} INFO - Processing /home/airflow/.local/lib/python3.12/site-packages/airflow/example_dags/example_time_delta_sensor_async.py took 0.040 seconds
[2025-09-16T12:05:39.138+0000] {processor.py:186} INFO - Started process (PID=890) to work on /home/airflow/.local/lib/python3.12/site-packages/airflow/example_dags/example_time_delta_sensor_async.py
[2025-09-16T12:05:39.140+0000] {processor.py:914} INFO - Processing file /home/airflow/.local/lib/python3.12/site-packages/airflow/example_dags/example_time_delta_sensor_async.py for tasks to queue
[2025-09-16T12:05:39.141+0000] {logging_mixin.py:190} INFO - [2025-09-16T12:05:39.141+0000] {dagbag.py:588} INFO - Filling up the DagBag from /home/airflow/.local/lib/python3.12/site-packages/airflow/example_dags/example_time_delta_sensor_async.py
[2025-09-16T12:05:39.144+0000] {processor.py:925} INFO - DAG(s) 'example_time_delta_sensor_async' retrieved from /home/airflow/.local/lib/python3.12/site-packages/airflow/example_dags/example_time_delta_sensor_async.py
[2025-09-16T12:05:39.158+0000] {logging_mixin.py:190} INFO - [2025-09-16T12:05:39.158+0000] {dag.py:3239} INFO - Sync 1 DAGs
[2025-09-16T12:05:39.166+0000] {logging_mixin.py:190} INFO - [2025-09-16T12:05:39.165+0000] {dag.py:4180} INFO - Setting next_dagrun for example_time_delta_sensor_async to None, run_after=None
[2025-09-16T12:05:39.180+0000] {processor.py:208} INFO - Processing /home/airflow/.local/lib/python3.12/site-packages/airflow/example_dags/example_time_delta_sensor_async.py took 0.047 seconds
[2025-09-16T12:06:09.526+0000] {processor.py:186} INFO - Started process (PID=1180) to work on /home/airflow/.local/lib/python3.12/site-packages/airflow/example_dags/example_time_delta_sensor_async.py
[2025-09-16T12:06:09.526+0000] {processor.py:914} INFO - Processing file /home/airflow/.local/lib/python3.12/site-packages/airflow/example_dags/example_time_delta_sensor_async.py for tasks to queue
[2025-09-16T12:06:09.528+0000] {logging_mixin.py:190} INFO - [2025-09-16T12:06:09.528+0000] {dagbag.py:588} INFO - Filling up the DagBag from /home/airflow/.local/lib/python3.12/site-packages/airflow/example_dags/example_time_delta_sensor_async.py
[2025-09-16T12:06:09.533+0000] {processor.py:925} INFO - DAG(s) 'example_time_delta_sensor_async' retrieved from /home/airflow/.local/lib/python3.12/site-packages/airflow/example_dags/example_time_delta_sensor_async.py
[2025-09-16T12:06:09.548+0000] {logging_mixin.py:190} INFO - [2025-09-16T12:06:09.547+0000] {dag.py:3239} INFO - Sync 1 DAGs
[2025-09-16T12:06:09.556+0000] {logging_mixin.py:190} INFO - [2025-09-16T12:06:09.555+0000] {dag.py:4180} INFO - Setting next_dagrun for example_time_delta_sensor_async to None, run_after=None
[2025-09-16T12:06:09.565+0000] {processor.py:208} INFO - Processing /home/airflow/.local/lib/python3.12/site-packages/airflow/example_dags/example_time_delta_sensor_async.py took 0.044 seconds
[2025-09-16T12:07:07.466+0000] {processor.py:186} INFO - Started process (PID=317) to work on /home/airflow/.local/lib/python3.12/site-packages/airflow/example_dags/example_time_delta_sensor_async.py
[2025-09-16T12:07:07.466+0000] {processor.py:914} INFO - Processing file /home/airflow/.local/lib/python3.12/site-packages/airflow/example_dags/example_time_delta_sensor_async.py for tasks to queue
[2025-09-16T12:07:07.467+0000] {logging_mixin.py:190} INFO - [2025-09-16T12:07:07.467+0000] {dagbag.py:588} INFO - Filling up the DagBag from /home/airflow/.local/lib/python3.12/site-packages/airflow/example_dags/example_time_delta_sensor_async.py
[2025-09-16T12:07:07.472+0000] {processor.py:925} INFO - DAG(s) 'example_time_delta_sensor_async' retrieved from /home/airflow/.local/lib/python3.12/site-packages/airflow/example_dags/example_time_delta_sensor_async.py
[2025-09-16T12:07:07.485+0000] {logging_mixin.py:190} INFO - [2025-09-16T12:07:07.485+0000] {dag.py:3239} INFO - Sync 1 DAGs
[2025-09-16T12:07:07.494+0000] {logging_mixin.py:190} INFO - [2025-09-16T12:07:07.493+0000] {dag.py:4180} INFO - Setting next_dagrun for example_time_delta_sensor_async to None, run_after=None
[2025-09-16T12:07:07.504+0000] {processor.py:208} INFO - Processing /home/airflow/.local/lib/python3.12/site-packages/airflow/example_dags/example_time_delta_sensor_async.py took 0.041 seconds
[2025-09-16T12:07:38.084+0000] {processor.py:186} INFO - Started process (PID=604) to work on /home/airflow/.local/lib/python3.12/site-packages/airflow/example_dags/example_time_delta_sensor_async.py
[2025-09-16T12:07:38.085+0000] {processor.py:914} INFO - Processing file /home/airflow/.local/lib/python3.12/site-packages/airflow/example_dags/example_time_delta_sensor_async.py for tasks to queue
[2025-09-16T12:07:38.086+0000] {logging_mixin.py:190} INFO - [2025-09-16T12:07:38.086+0000] {dagbag.py:588} INFO - Filling up the DagBag from /home/airflow/.local/lib/python3.12/site-packages/airflow/example_dags/example_time_delta_sensor_async.py
[2025-09-16T12:07:38.089+0000] {processor.py:925} INFO - DAG(s) 'example_time_delta_sensor_async' retrieved from /home/airflow/.local/lib/python3.12/site-packages/airflow/example_dags/example_time_delta_sensor_async.py
[2025-09-16T12:07:38.099+0000] {logging_mixin.py:190} INFO - [2025-09-16T12:07:38.099+0000] {dag.py:3239} INFO - Sync 1 DAGs
[2025-09-16T12:07:38.106+0000] {logging_mixin.py:190} INFO - [2025-09-16T12:07:38.106+0000] {dag.py:4180} INFO - Setting next_dagrun for example_time_delta_sensor_async to None, run_after=None
[2025-09-16T12:07:38.118+0000] {processor.py:208} INFO - Processing /home/airflow/.local/lib/python3.12/site-packages/airflow/example_dags/example_time_delta_sensor_async.py took 0.039 seconds
[2025-09-16T12:08:08.304+0000] {processor.py:186} INFO - Started process (PID=888) to work on /home/airflow/.local/lib/python3.12/site-packages/airflow/example_dags/example_time_delta_sensor_async.py
[2025-09-16T12:08:08.304+0000] {processor.py:914} INFO - Processing file /home/airflow/.local/lib/python3.12/site-packages/airflow/example_dags/example_time_delta_sensor_async.py for tasks to queue
[2025-09-16T12:08:08.306+0000] {logging_mixin.py:190} INFO - [2025-09-16T12:08:08.305+0000] {dagbag.py:588} INFO - Filling up the DagBag from /home/airflow/.local/lib/python3.12/site-packages/airflow/example_dags/example_time_delta_sensor_async.py
[2025-09-16T12:08:08.309+0000] {processor.py:925} INFO - DAG(s) 'example_time_delta_sensor_async' retrieved from /home/airflow/.local/lib/python3.12/site-packages/airflow/example_dags/example_time_delta_sensor_async.py
[2025-09-16T12:08:08.320+0000] {logging_mixin.py:190} INFO - [2025-09-16T12:08:08.320+0000] {dag.py:3239} INFO - Sync 1 DAGs
[2025-09-16T12:08:08.327+0000] {logging_mixin.py:190} INFO - [2025-09-16T12:08:08.327+0000] {dag.py:4180} INFO - Setting next_dagrun for example_time_delta_sensor_async to None, run_after=None
[2025-09-16T12:08:08.336+0000] {processor.py:208} INFO - Processing /home/airflow/.local/lib/python3.12/site-packages/airflow/example_dags/example_time_delta_sensor_async.py took 0.035 seconds
[2025-09-16T12:08:38.558+0000] {processor.py:186} INFO - Started process (PID=1173) to work on /home/airflow/.local/lib/python3.12/site-packages/airflow/example_dags/example_time_delta_sensor_async.py
[2025-09-16T12:08:38.558+0000] {processor.py:914} INFO - Processing file /home/airflow/.local/lib/python3.12/site-packages/airflow/example_dags/example_time_delta_sensor_async.py for tasks to queue
[2025-09-16T12:08:38.559+0000] {logging_mixin.py:190} INFO - [2025-09-16T12:08:38.559+0000] {dagbag.py:588} INFO - Filling up the DagBag from /home/airflow/.local/lib/python3.12/site-packages/airflow/example_dags/example_time_delta_sensor_async.py
[2025-09-16T12:08:38.563+0000] {processor.py:925} INFO - DAG(s) 'example_time_delta_sensor_async' retrieved from /home/airflow/.local/lib/python3.12/site-packages/airflow/example_dags/example_time_delta_sensor_async.py
[2025-09-16T12:08:38.574+0000] {logging_mixin.py:190} INFO - [2025-09-16T12:08:38.574+0000] {dag.py:3239} INFO - Sync 1 DAGs
[2025-09-16T12:08:38.581+0000] {logging_mixin.py:190} INFO - [2025-09-16T12:08:38.581+0000] {dag.py:4180} INFO - Setting next_dagrun for example_time_delta_sensor_async to None, run_after=None
[2025-09-16T12:08:38.589+0000] {processor.py:208} INFO - Processing /home/airflow/.local/lib/python3.12/site-packages/airflow/example_dags/example_time_delta_sensor_async.py took 0.036 seconds
[2025-09-16T12:10:08.195+0000] {processor.py:186} INFO - Started process (PID=308) to work on /home/airflow/.local/lib/python3.12/site-packages/airflow/example_dags/example_time_delta_sensor_async.py
[2025-09-16T12:10:08.196+0000] {processor.py:914} INFO - Processing file /home/airflow/.local/lib/python3.12/site-packages/airflow/example_dags/example_time_delta_sensor_async.py for tasks to queue
[2025-09-16T12:10:08.199+0000] {logging_mixin.py:190} INFO - [2025-09-16T12:10:08.198+0000] {dagbag.py:588} INFO - Filling up the DagBag from /home/airflow/.local/lib/python3.12/site-packages/airflow/example_dags/example_time_delta_sensor_async.py
[2025-09-16T12:10:08.203+0000] {processor.py:925} INFO - DAG(s) 'example_time_delta_sensor_async' retrieved from /home/airflow/.local/lib/python3.12/site-packages/airflow/example_dags/example_time_delta_sensor_async.py
[2025-09-16T12:10:08.215+0000] {logging_mixin.py:190} INFO - [2025-09-16T12:10:08.215+0000] {dag.py:3239} INFO - Sync 1 DAGs
[2025-09-16T12:10:08.223+0000] {logging_mixin.py:190} INFO - [2025-09-16T12:10:08.223+0000] {dag.py:4180} INFO - Setting next_dagrun for example_time_delta_sensor_async to None, run_after=None
[2025-09-16T12:10:08.233+0000] {processor.py:208} INFO - Processing /home/airflow/.local/lib/python3.12/site-packages/airflow/example_dags/example_time_delta_sensor_async.py took 0.042 seconds
[2025-09-16T12:10:38.951+0000] {processor.py:186} INFO - Started process (PID=597) to work on /home/airflow/.local/lib/python3.12/site-packages/airflow/example_dags/example_time_delta_sensor_async.py
[2025-09-16T12:10:38.953+0000] {processor.py:914} INFO - Processing file /home/airflow/.local/lib/python3.12/site-packages/airflow/example_dags/example_time_delta_sensor_async.py for tasks to queue
[2025-09-16T12:10:38.954+0000] {logging_mixin.py:190} INFO - [2025-09-16T12:10:38.954+0000] {dagbag.py:588} INFO - Filling up the DagBag from /home/airflow/.local/lib/python3.12/site-packages/airflow/example_dags/example_time_delta_sensor_async.py
[2025-09-16T12:10:38.959+0000] {processor.py:925} INFO - DAG(s) 'example_time_delta_sensor_async' retrieved from /home/airflow/.local/lib/python3.12/site-packages/airflow/example_dags/example_time_delta_sensor_async.py
[2025-09-16T12:10:38.971+0000] {logging_mixin.py:190} INFO - [2025-09-16T12:10:38.971+0000] {dag.py:3239} INFO - Sync 1 DAGs
[2025-09-16T12:10:38.979+0000] {logging_mixin.py:190} INFO - [2025-09-16T12:10:38.979+0000] {dag.py:4180} INFO - Setting next_dagrun for example_time_delta_sensor_async to None, run_after=None
[2025-09-16T12:10:38.990+0000] {processor.py:208} INFO - Processing /home/airflow/.local/lib/python3.12/site-packages/airflow/example_dags/example_time_delta_sensor_async.py took 0.044 seconds
