[2025-09-16T12:04:37.437+0000] {processor.py:186} INFO - Started process (PID=286) to work on /home/airflow/.local/lib/python3.12/site-packages/airflow/example_dags/example_branch_operator.py
[2025-09-16T12:04:37.438+0000] {processor.py:914} INFO - Processing file /home/airflow/.local/lib/python3.12/site-packages/airflow/example_dags/example_branch_operator.py for tasks to queue
[2025-09-16T12:04:37.439+0000] {logging_mixin.py:190} INFO - [2025-09-16T12:04:37.439+0000] {dagbag.py:588} INFO - Filling up the DagBag from /home/airflow/.local/lib/python3.12/site-packages/airflow/example_dags/example_branch_operator.py
[2025-09-16T12:04:37.449+0000] {processor.py:925} INFO - DAG(s) 'example_branch_operator' retrieved from /home/airflow/.local/lib/python3.12/site-packages/airflow/example_dags/example_branch_operator.py
[2025-09-16T12:04:37.517+0000] {logging_mixin.py:190} INFO - [2025-09-16T12:04:37.517+0000] {override.py:1900} INFO - Created Permission View: can delete on DAG:example_branch_operator
[2025-09-16T12:04:37.522+0000] {logging_mixin.py:190} INFO - [2025-09-16T12:04:37.522+0000] {override.py:1900} INFO - Created Permission View: can edit on DAG:example_branch_operator
[2025-09-16T12:04:37.525+0000] {logging_mixin.py:190} INFO - [2025-09-16T12:04:37.525+0000] {override.py:1900} INFO - Created Permission View: can read on DAG:example_branch_operator
[2025-09-16T12:04:37.529+0000] {logging_mixin.py:190} INFO - [2025-09-16T12:04:37.529+0000] {override.py:1900} INFO - Created Permission View: menu access on DAG Run:example_branch_operator
[2025-09-16T12:04:37.534+0000] {logging_mixin.py:190} INFO - [2025-09-16T12:04:37.534+0000] {override.py:1900} INFO - Created Permission View: can delete on DAG Run:example_branch_operator
[2025-09-16T12:04:37.536+0000] {logging_mixin.py:190} INFO - [2025-09-16T12:04:37.536+0000] {override.py:1900} INFO - Created Permission View: can create on DAG Run:example_branch_operator
[2025-09-16T12:04:37.539+0000] {logging_mixin.py:190} INFO - [2025-09-16T12:04:37.539+0000] {override.py:1900} INFO - Created Permission View: can read on DAG Run:example_branch_operator
[2025-09-16T12:04:37.539+0000] {logging_mixin.py:190} INFO - [2025-09-16T12:04:37.539+0000] {dag.py:3239} INFO - Sync 1 DAGs
[2025-09-16T12:04:37.545+0000] {logging_mixin.py:190} INFO - [2025-09-16T12:04:37.545+0000] {dag.py:3262} INFO - Creating ORM DAG for example_branch_operator
[2025-09-16T12:04:37.551+0000] {logging_mixin.py:190} INFO - [2025-09-16T12:04:37.550+0000] {dag.py:4180} INFO - Setting next_dagrun for example_branch_operator to 2025-09-15 00:00:00+00:00, run_after=2025-09-16 00:00:00+00:00
[2025-09-16T12:04:37.559+0000] {processor.py:208} INFO - Processing /home/airflow/.local/lib/python3.12/site-packages/airflow/example_dags/example_branch_operator.py took 0.124 seconds
[2025-09-16T12:05:08.365+0000] {processor.py:186} INFO - Started process (PID=572) to work on /home/airflow/.local/lib/python3.12/site-packages/airflow/example_dags/example_branch_operator.py
[2025-09-16T12:05:08.366+0000] {processor.py:914} INFO - Processing file /home/airflow/.local/lib/python3.12/site-packages/airflow/example_dags/example_branch_operator.py for tasks to queue
[2025-09-16T12:05:08.367+0000] {logging_mixin.py:190} INFO - [2025-09-16T12:05:08.367+0000] {dagbag.py:588} INFO - Filling up the DagBag from /home/airflow/.local/lib/python3.12/site-packages/airflow/example_dags/example_branch_operator.py
[2025-09-16T12:05:08.376+0000] {processor.py:925} INFO - DAG(s) 'example_branch_operator' retrieved from /home/airflow/.local/lib/python3.12/site-packages/airflow/example_dags/example_branch_operator.py
[2025-09-16T12:05:08.391+0000] {logging_mixin.py:190} INFO - [2025-09-16T12:05:08.391+0000] {dag.py:3239} INFO - Sync 1 DAGs
[2025-09-16T12:05:08.407+0000] {logging_mixin.py:190} INFO - [2025-09-16T12:05:08.407+0000] {dag.py:4180} INFO - Setting next_dagrun for example_branch_operator to 2025-09-15 00:00:00+00:00, run_after=2025-09-16 00:00:00+00:00
[2025-09-16T12:05:08.418+0000] {processor.py:208} INFO - Processing /home/airflow/.local/lib/python3.12/site-packages/airflow/example_dags/example_branch_operator.py took 0.055 seconds
[2025-09-16T12:05:38.857+0000] {processor.py:186} INFO - Started process (PID=860) to work on /home/airflow/.local/lib/python3.12/site-packages/airflow/example_dags/example_branch_operator.py
[2025-09-16T12:05:38.860+0000] {processor.py:914} INFO - Processing file /home/airflow/.local/lib/python3.12/site-packages/airflow/example_dags/example_branch_operator.py for tasks to queue
[2025-09-16T12:05:38.861+0000] {logging_mixin.py:190} INFO - [2025-09-16T12:05:38.861+0000] {dagbag.py:588} INFO - Filling up the DagBag from /home/airflow/.local/lib/python3.12/site-packages/airflow/example_dags/example_branch_operator.py
[2025-09-16T12:05:38.871+0000] {processor.py:925} INFO - DAG(s) 'example_branch_operator' retrieved from /home/airflow/.local/lib/python3.12/site-packages/airflow/example_dags/example_branch_operator.py
[2025-09-16T12:05:38.887+0000] {logging_mixin.py:190} INFO - [2025-09-16T12:05:38.887+0000] {dag.py:3239} INFO - Sync 1 DAGs
[2025-09-16T12:05:38.898+0000] {logging_mixin.py:190} INFO - [2025-09-16T12:05:38.898+0000] {dag.py:4180} INFO - Setting next_dagrun for example_branch_operator to 2025-09-15 00:00:00+00:00, run_after=2025-09-16 00:00:00+00:00
[2025-09-16T12:05:38.907+0000] {processor.py:208} INFO - Processing /home/airflow/.local/lib/python3.12/site-packages/airflow/example_dags/example_branch_operator.py took 0.055 seconds
[2025-09-16T12:06:09.328+0000] {processor.py:186} INFO - Started process (PID=1146) to work on /home/airflow/.local/lib/python3.12/site-packages/airflow/example_dags/example_branch_operator.py
[2025-09-16T12:06:09.329+0000] {processor.py:914} INFO - Processing file /home/airflow/.local/lib/python3.12/site-packages/airflow/example_dags/example_branch_operator.py for tasks to queue
[2025-09-16T12:06:09.330+0000] {logging_mixin.py:190} INFO - [2025-09-16T12:06:09.330+0000] {dagbag.py:588} INFO - Filling up the DagBag from /home/airflow/.local/lib/python3.12/site-packages/airflow/example_dags/example_branch_operator.py
[2025-09-16T12:06:09.345+0000] {processor.py:925} INFO - DAG(s) 'example_branch_operator' retrieved from /home/airflow/.local/lib/python3.12/site-packages/airflow/example_dags/example_branch_operator.py
[2025-09-16T12:06:09.364+0000] {logging_mixin.py:190} INFO - [2025-09-16T12:06:09.364+0000] {dag.py:3239} INFO - Sync 1 DAGs
[2025-09-16T12:06:09.382+0000] {logging_mixin.py:190} INFO - [2025-09-16T12:06:09.381+0000] {dag.py:4180} INFO - Setting next_dagrun for example_branch_operator to 2025-09-15 00:00:00+00:00, run_after=2025-09-16 00:00:00+00:00
[2025-09-16T12:06:09.401+0000] {processor.py:208} INFO - Processing /home/airflow/.local/lib/python3.12/site-packages/airflow/example_dags/example_branch_operator.py took 0.077 seconds
[2025-09-16T12:07:07.186+0000] {processor.py:186} INFO - Started process (PID=286) to work on /home/airflow/.local/lib/python3.12/site-packages/airflow/example_dags/example_branch_operator.py
[2025-09-16T12:07:07.187+0000] {processor.py:914} INFO - Processing file /home/airflow/.local/lib/python3.12/site-packages/airflow/example_dags/example_branch_operator.py for tasks to queue
[2025-09-16T12:07:07.189+0000] {logging_mixin.py:190} INFO - [2025-09-16T12:07:07.188+0000] {dagbag.py:588} INFO - Filling up the DagBag from /home/airflow/.local/lib/python3.12/site-packages/airflow/example_dags/example_branch_operator.py
[2025-09-16T12:07:07.202+0000] {processor.py:925} INFO - DAG(s) 'example_branch_operator' retrieved from /home/airflow/.local/lib/python3.12/site-packages/airflow/example_dags/example_branch_operator.py
[2025-09-16T12:07:07.268+0000] {logging_mixin.py:190} INFO - [2025-09-16T12:07:07.268+0000] {dag.py:3239} INFO - Sync 1 DAGs
[2025-09-16T12:07:07.280+0000] {logging_mixin.py:190} INFO - [2025-09-16T12:07:07.279+0000] {dag.py:4180} INFO - Setting next_dagrun for example_branch_operator to 2025-09-15 00:00:00+00:00, run_after=2025-09-16 00:00:00+00:00
[2025-09-16T12:07:07.291+0000] {processor.py:208} INFO - Processing /home/airflow/.local/lib/python3.12/site-packages/airflow/example_dags/example_branch_operator.py took 0.108 seconds
[2025-09-16T12:07:37.891+0000] {processor.py:186} INFO - Started process (PID=574) to work on /home/airflow/.local/lib/python3.12/site-packages/airflow/example_dags/example_branch_operator.py
[2025-09-16T12:07:37.893+0000] {processor.py:914} INFO - Processing file /home/airflow/.local/lib/python3.12/site-packages/airflow/example_dags/example_branch_operator.py for tasks to queue
[2025-09-16T12:07:37.894+0000] {logging_mixin.py:190} INFO - [2025-09-16T12:07:37.894+0000] {dagbag.py:588} INFO - Filling up the DagBag from /home/airflow/.local/lib/python3.12/site-packages/airflow/example_dags/example_branch_operator.py
[2025-09-16T12:07:37.903+0000] {processor.py:925} INFO - DAG(s) 'example_branch_operator' retrieved from /home/airflow/.local/lib/python3.12/site-packages/airflow/example_dags/example_branch_operator.py
[2025-09-16T12:07:37.925+0000] {logging_mixin.py:190} INFO - [2025-09-16T12:07:37.924+0000] {dag.py:3239} INFO - Sync 1 DAGs
[2025-09-16T12:07:37.936+0000] {logging_mixin.py:190} INFO - [2025-09-16T12:07:37.936+0000] {dag.py:4180} INFO - Setting next_dagrun for example_branch_operator to 2025-09-15 00:00:00+00:00, run_after=2025-09-16 00:00:00+00:00
[2025-09-16T12:07:37.945+0000] {processor.py:208} INFO - Processing /home/airflow/.local/lib/python3.12/site-packages/airflow/example_dags/example_branch_operator.py took 0.058 seconds
[2025-09-16T12:08:08.119+0000] {processor.py:186} INFO - Started process (PID=860) to work on /home/airflow/.local/lib/python3.12/site-packages/airflow/example_dags/example_branch_operator.py
[2025-09-16T12:08:08.120+0000] {processor.py:914} INFO - Processing file /home/airflow/.local/lib/python3.12/site-packages/airflow/example_dags/example_branch_operator.py for tasks to queue
[2025-09-16T12:08:08.121+0000] {logging_mixin.py:190} INFO - [2025-09-16T12:08:08.120+0000] {dagbag.py:588} INFO - Filling up the DagBag from /home/airflow/.local/lib/python3.12/site-packages/airflow/example_dags/example_branch_operator.py
[2025-09-16T12:08:08.129+0000] {processor.py:925} INFO - DAG(s) 'example_branch_operator' retrieved from /home/airflow/.local/lib/python3.12/site-packages/airflow/example_dags/example_branch_operator.py
[2025-09-16T12:08:08.144+0000] {logging_mixin.py:190} INFO - [2025-09-16T12:08:08.144+0000] {dag.py:3239} INFO - Sync 1 DAGs
[2025-09-16T12:08:08.156+0000] {logging_mixin.py:190} INFO - [2025-09-16T12:08:08.156+0000] {dag.py:4180} INFO - Setting next_dagrun for example_branch_operator to 2025-09-15 00:00:00+00:00, run_after=2025-09-16 00:00:00+00:00
[2025-09-16T12:08:08.164+0000] {processor.py:208} INFO - Processing /home/airflow/.local/lib/python3.12/site-packages/airflow/example_dags/example_branch_operator.py took 0.050 seconds
[2025-09-16T12:08:38.367+0000] {processor.py:186} INFO - Started process (PID=1145) to work on /home/airflow/.local/lib/python3.12/site-packages/airflow/example_dags/example_branch_operator.py
[2025-09-16T12:08:38.367+0000] {processor.py:914} INFO - Processing file /home/airflow/.local/lib/python3.12/site-packages/airflow/example_dags/example_branch_operator.py for tasks to queue
[2025-09-16T12:08:38.368+0000] {logging_mixin.py:190} INFO - [2025-09-16T12:08:38.368+0000] {dagbag.py:588} INFO - Filling up the DagBag from /home/airflow/.local/lib/python3.12/site-packages/airflow/example_dags/example_branch_operator.py
[2025-09-16T12:08:38.381+0000] {processor.py:925} INFO - DAG(s) 'example_branch_operator' retrieved from /home/airflow/.local/lib/python3.12/site-packages/airflow/example_dags/example_branch_operator.py
[2025-09-16T12:08:38.400+0000] {logging_mixin.py:190} INFO - [2025-09-16T12:08:38.399+0000] {dag.py:3239} INFO - Sync 1 DAGs
[2025-09-16T12:08:38.412+0000] {logging_mixin.py:190} INFO - [2025-09-16T12:08:38.412+0000] {dag.py:4180} INFO - Setting next_dagrun for example_branch_operator to 2025-09-15 00:00:00+00:00, run_after=2025-09-16 00:00:00+00:00
[2025-09-16T12:08:38.422+0000] {processor.py:208} INFO - Processing /home/airflow/.local/lib/python3.12/site-packages/airflow/example_dags/example_branch_operator.py took 0.058 seconds
[2025-09-16T12:10:07.885+0000] {processor.py:186} INFO - Started process (PID=279) to work on /home/airflow/.local/lib/python3.12/site-packages/airflow/example_dags/example_branch_operator.py
[2025-09-16T12:10:07.887+0000] {processor.py:914} INFO - Processing file /home/airflow/.local/lib/python3.12/site-packages/airflow/example_dags/example_branch_operator.py for tasks to queue
[2025-09-16T12:10:07.888+0000] {logging_mixin.py:190} INFO - [2025-09-16T12:10:07.888+0000] {dagbag.py:588} INFO - Filling up the DagBag from /home/airflow/.local/lib/python3.12/site-packages/airflow/example_dags/example_branch_operator.py
[2025-09-16T12:10:07.897+0000] {processor.py:925} INFO - DAG(s) 'example_branch_operator' retrieved from /home/airflow/.local/lib/python3.12/site-packages/airflow/example_dags/example_branch_operator.py
[2025-09-16T12:10:07.966+0000] {logging_mixin.py:190} INFO - [2025-09-16T12:10:07.966+0000] {dag.py:3239} INFO - Sync 1 DAGs
[2025-09-16T12:10:07.977+0000] {logging_mixin.py:190} INFO - [2025-09-16T12:10:07.977+0000] {dag.py:4180} INFO - Setting next_dagrun for example_branch_operator to 2025-09-15 00:00:00+00:00, run_after=2025-09-16 00:00:00+00:00
[2025-09-16T12:10:07.988+0000] {processor.py:208} INFO - Processing /home/airflow/.local/lib/python3.12/site-packages/airflow/example_dags/example_branch_operator.py took 0.106 seconds
[2025-09-16T12:10:38.679+0000] {processor.py:186} INFO - Started process (PID=567) to work on /home/airflow/.local/lib/python3.12/site-packages/airflow/example_dags/example_branch_operator.py
[2025-09-16T12:10:38.684+0000] {processor.py:914} INFO - Processing file /home/airflow/.local/lib/python3.12/site-packages/airflow/example_dags/example_branch_operator.py for tasks to queue
[2025-09-16T12:10:38.685+0000] {logging_mixin.py:190} INFO - [2025-09-16T12:10:38.685+0000] {dagbag.py:588} INFO - Filling up the DagBag from /home/airflow/.local/lib/python3.12/site-packages/airflow/example_dags/example_branch_operator.py
[2025-09-16T12:10:38.695+0000] {processor.py:925} INFO - DAG(s) 'example_branch_operator' retrieved from /home/airflow/.local/lib/python3.12/site-packages/airflow/example_dags/example_branch_operator.py
[2025-09-16T12:10:38.709+0000] {logging_mixin.py:190} INFO - [2025-09-16T12:10:38.709+0000] {dag.py:3239} INFO - Sync 1 DAGs
[2025-09-16T12:10:38.720+0000] {logging_mixin.py:190} INFO - [2025-09-16T12:10:38.720+0000] {dag.py:4180} INFO - Setting next_dagrun for example_branch_operator to 2025-09-15 00:00:00+00:00, run_after=2025-09-16 00:00:00+00:00
[2025-09-16T12:10:38.729+0000] {processor.py:208} INFO - Processing /home/airflow/.local/lib/python3.12/site-packages/airflow/example_dags/example_branch_operator.py took 0.054 seconds
