[2025-09-16T12:04:39.870+0000] {processor.py:186} INFO - Started process (PID=422) to work on /home/airflow/.local/lib/python3.12/site-packages/airflow/example_dags/example_subdag_operator.py
[2025-09-16T12:04:39.870+0000] {processor.py:914} INFO - Processing file /home/airflow/.local/lib/python3.12/site-packages/airflow/example_dags/example_subdag_operator.py for tasks to queue
[2025-09-16T12:04:39.871+0000] {logging_mixin.py:190} INFO - [2025-09-16T12:04:39.871+0000] {dagbag.py:588} INFO - Filling up the DagBag from /home/airflow/.local/lib/python3.12/site-packages/airflow/example_dags/example_subdag_operator.py
[2025-09-16T12:04:39.898+0000] {processor.py:925} INFO - DAG(s) 'example_subdag_operator.section-1', 'example_subdag_operator.section-2', 'example_subdag_operator' retrieved from /home/airflow/.local/lib/python3.12/site-packages/airflow/example_dags/example_subdag_operator.py
[2025-09-16T12:04:39.949+0000] {logging_mixin.py:190} INFO - [2025-09-16T12:04:39.949+0000] {override.py:1900} INFO - Created Permission View: can delete on DAG:example_subdag_operator
[2025-09-16T12:04:39.954+0000] {logging_mixin.py:190} INFO - [2025-09-16T12:04:39.954+0000] {override.py:1900} INFO - Created Permission View: can edit on DAG:example_subdag_operator
[2025-09-16T12:04:39.958+0000] {logging_mixin.py:190} INFO - [2025-09-16T12:04:39.957+0000] {override.py:1900} INFO - Created Permission View: can read on DAG:example_subdag_operator
[2025-09-16T12:04:39.961+0000] {logging_mixin.py:190} INFO - [2025-09-16T12:04:39.961+0000] {override.py:1900} INFO - Created Permission View: menu access on DAG Run:example_subdag_operator
[2025-09-16T12:04:39.964+0000] {logging_mixin.py:190} INFO - [2025-09-16T12:04:39.964+0000] {override.py:1900} INFO - Created Permission View: can delete on DAG Run:example_subdag_operator
[2025-09-16T12:04:39.968+0000] {logging_mixin.py:190} INFO - [2025-09-16T12:04:39.968+0000] {override.py:1900} INFO - Created Permission View: can create on DAG Run:example_subdag_operator
[2025-09-16T12:04:39.972+0000] {logging_mixin.py:190} INFO - [2025-09-16T12:04:39.972+0000] {override.py:1900} INFO - Created Permission View: can read on DAG Run:example_subdag_operator
[2025-09-16T12:04:39.972+0000] {logging_mixin.py:190} INFO - [2025-09-16T12:04:39.972+0000] {dag.py:3239} INFO - Sync 3 DAGs
[2025-09-16T12:04:39.979+0000] {logging_mixin.py:190} INFO - [2025-09-16T12:04:39.979+0000] {dag.py:3262} INFO - Creating ORM DAG for example_subdag_operator.section-2
[2025-09-16T12:04:39.979+0000] {logging_mixin.py:190} INFO - [2025-09-16T12:04:39.979+0000] {dag.py:3262} INFO - Creating ORM DAG for example_subdag_operator.section-1
[2025-09-16T12:04:39.979+0000] {logging_mixin.py:190} INFO - [2025-09-16T12:04:39.979+0000] {dag.py:3262} INFO - Creating ORM DAG for example_subdag_operator
[2025-09-16T12:04:39.986+0000] {logging_mixin.py:190} INFO - [2025-09-16T12:04:39.985+0000] {dag.py:4180} INFO - Setting next_dagrun for example_subdag_operator to 2022-01-01 00:00:00+00:00, run_after=2022-01-01 00:00:00+00:00
[2025-09-16T12:04:39.986+0000] {logging_mixin.py:190} INFO - [2025-09-16T12:04:39.986+0000] {dag.py:4180} INFO - Setting next_dagrun for example_subdag_operator.section-1 to None, run_after=None
[2025-09-16T12:04:39.986+0000] {logging_mixin.py:190} INFO - [2025-09-16T12:04:39.986+0000] {dag.py:4180} INFO - Setting next_dagrun for example_subdag_operator.section-2 to None, run_after=None
[2025-09-16T12:04:39.993+0000] {logging_mixin.py:190} INFO - [2025-09-16T12:04:39.992+0000] {dag.py:3239} INFO - Sync 2 DAGs
[2025-09-16T12:04:39.996+0000] {logging_mixin.py:190} INFO - [2025-09-16T12:04:39.996+0000] {dag.py:4180} INFO - Setting next_dagrun for example_subdag_operator.section-1 to None, run_after=None
[2025-09-16T12:04:39.998+0000] {logging_mixin.py:190} INFO - [2025-09-16T12:04:39.998+0000] {dag.py:4180} INFO - Setting next_dagrun for example_subdag_operator.section-2 to None, run_after=None
[2025-09-16T12:04:40.005+0000] {processor.py:208} INFO - Processing /home/airflow/.local/lib/python3.12/site-packages/airflow/example_dags/example_subdag_operator.py took 0.140 seconds
[2025-09-16T12:05:10.522+0000] {processor.py:186} INFO - Started process (PID=710) to work on /home/airflow/.local/lib/python3.12/site-packages/airflow/example_dags/example_subdag_operator.py
[2025-09-16T12:05:10.522+0000] {processor.py:914} INFO - Processing file /home/airflow/.local/lib/python3.12/site-packages/airflow/example_dags/example_subdag_operator.py for tasks to queue
[2025-09-16T12:05:10.523+0000] {logging_mixin.py:190} INFO - [2025-09-16T12:05:10.523+0000] {dagbag.py:588} INFO - Filling up the DagBag from /home/airflow/.local/lib/python3.12/site-packages/airflow/example_dags/example_subdag_operator.py
[2025-09-16T12:05:10.540+0000] {processor.py:925} INFO - DAG(s) 'example_subdag_operator.section-1', 'example_subdag_operator.section-2', 'example_subdag_operator' retrieved from /home/airflow/.local/lib/python3.12/site-packages/airflow/example_dags/example_subdag_operator.py
[2025-09-16T12:05:10.549+0000] {logging_mixin.py:190} INFO - [2025-09-16T12:05:10.549+0000] {dag.py:3239} INFO - Sync 3 DAGs
[2025-09-16T12:05:10.561+0000] {logging_mixin.py:190} INFO - [2025-09-16T12:05:10.561+0000] {dag.py:4180} INFO - Setting next_dagrun for example_subdag_operator to 2022-01-01 00:00:00+00:00, run_after=2022-01-01 00:00:00+00:00
[2025-09-16T12:05:10.562+0000] {logging_mixin.py:190} INFO - [2025-09-16T12:05:10.562+0000] {dag.py:4180} INFO - Setting next_dagrun for example_subdag_operator.section-1 to None, run_after=None
[2025-09-16T12:05:10.563+0000] {logging_mixin.py:190} INFO - [2025-09-16T12:05:10.563+0000] {dag.py:4180} INFO - Setting next_dagrun for example_subdag_operator.section-2 to None, run_after=None
[2025-09-16T12:05:10.566+0000] {logging_mixin.py:190} INFO - [2025-09-16T12:05:10.566+0000] {dag.py:3239} INFO - Sync 2 DAGs
[2025-09-16T12:05:10.569+0000] {logging_mixin.py:190} INFO - [2025-09-16T12:05:10.569+0000] {dag.py:4180} INFO - Setting next_dagrun for example_subdag_operator.section-1 to None, run_after=None
[2025-09-16T12:05:10.569+0000] {logging_mixin.py:190} INFO - [2025-09-16T12:05:10.569+0000] {dag.py:4180} INFO - Setting next_dagrun for example_subdag_operator.section-2 to None, run_after=None
[2025-09-16T12:05:10.577+0000] {processor.py:208} INFO - Processing /home/airflow/.local/lib/python3.12/site-packages/airflow/example_dags/example_subdag_operator.py took 0.060 seconds
[2025-09-16T12:05:41.065+0000] {processor.py:186} INFO - Started process (PID=996) to work on /home/airflow/.local/lib/python3.12/site-packages/airflow/example_dags/example_subdag_operator.py
[2025-09-16T12:05:41.066+0000] {processor.py:914} INFO - Processing file /home/airflow/.local/lib/python3.12/site-packages/airflow/example_dags/example_subdag_operator.py for tasks to queue
[2025-09-16T12:05:41.067+0000] {logging_mixin.py:190} INFO - [2025-09-16T12:05:41.067+0000] {dagbag.py:588} INFO - Filling up the DagBag from /home/airflow/.local/lib/python3.12/site-packages/airflow/example_dags/example_subdag_operator.py
[2025-09-16T12:05:41.085+0000] {processor.py:925} INFO - DAG(s) 'example_subdag_operator.section-1', 'example_subdag_operator.section-2', 'example_subdag_operator' retrieved from /home/airflow/.local/lib/python3.12/site-packages/airflow/example_dags/example_subdag_operator.py
[2025-09-16T12:05:41.094+0000] {logging_mixin.py:190} INFO - [2025-09-16T12:05:41.094+0000] {dag.py:3239} INFO - Sync 3 DAGs
[2025-09-16T12:05:41.107+0000] {logging_mixin.py:190} INFO - [2025-09-16T12:05:41.107+0000] {dag.py:4180} INFO - Setting next_dagrun for example_subdag_operator to 2022-01-01 00:00:00+00:00, run_after=2022-01-01 00:00:00+00:00
[2025-09-16T12:05:41.108+0000] {logging_mixin.py:190} INFO - [2025-09-16T12:05:41.108+0000] {dag.py:4180} INFO - Setting next_dagrun for example_subdag_operator.section-1 to None, run_after=None
[2025-09-16T12:05:41.109+0000] {logging_mixin.py:190} INFO - [2025-09-16T12:05:41.109+0000] {dag.py:4180} INFO - Setting next_dagrun for example_subdag_operator.section-2 to None, run_after=None
[2025-09-16T12:05:41.113+0000] {logging_mixin.py:190} INFO - [2025-09-16T12:05:41.113+0000] {dag.py:3239} INFO - Sync 2 DAGs
[2025-09-16T12:05:41.117+0000] {logging_mixin.py:190} INFO - [2025-09-16T12:05:41.116+0000] {dag.py:4180} INFO - Setting next_dagrun for example_subdag_operator.section-1 to None, run_after=None
[2025-09-16T12:05:41.117+0000] {logging_mixin.py:190} INFO - [2025-09-16T12:05:41.117+0000] {dag.py:4180} INFO - Setting next_dagrun for example_subdag_operator.section-2 to None, run_after=None
[2025-09-16T12:05:41.125+0000] {processor.py:208} INFO - Processing /home/airflow/.local/lib/python3.12/site-packages/airflow/example_dags/example_subdag_operator.py took 0.064 seconds
[2025-09-16T12:06:11.449+0000] {processor.py:186} INFO - Started process (PID=1280) to work on /home/airflow/.local/lib/python3.12/site-packages/airflow/example_dags/example_subdag_operator.py
[2025-09-16T12:06:11.449+0000] {processor.py:914} INFO - Processing file /home/airflow/.local/lib/python3.12/site-packages/airflow/example_dags/example_subdag_operator.py for tasks to queue
[2025-09-16T12:06:11.451+0000] {logging_mixin.py:190} INFO - [2025-09-16T12:06:11.450+0000] {dagbag.py:588} INFO - Filling up the DagBag from /home/airflow/.local/lib/python3.12/site-packages/airflow/example_dags/example_subdag_operator.py
[2025-09-16T12:06:11.463+0000] {processor.py:925} INFO - DAG(s) 'example_subdag_operator.section-1', 'example_subdag_operator.section-2', 'example_subdag_operator' retrieved from /home/airflow/.local/lib/python3.12/site-packages/airflow/example_dags/example_subdag_operator.py
[2025-09-16T12:06:11.471+0000] {logging_mixin.py:190} INFO - [2025-09-16T12:06:11.471+0000] {dag.py:3239} INFO - Sync 3 DAGs
[2025-09-16T12:06:11.488+0000] {logging_mixin.py:190} INFO - [2025-09-16T12:06:11.487+0000] {dag.py:4180} INFO - Setting next_dagrun for example_subdag_operator to 2022-01-01 00:00:00+00:00, run_after=2022-01-01 00:00:00+00:00
[2025-09-16T12:06:11.489+0000] {logging_mixin.py:190} INFO - [2025-09-16T12:06:11.489+0000] {dag.py:4180} INFO - Setting next_dagrun for example_subdag_operator.section-1 to None, run_after=None
[2025-09-16T12:06:11.490+0000] {logging_mixin.py:190} INFO - [2025-09-16T12:06:11.490+0000] {dag.py:4180} INFO - Setting next_dagrun for example_subdag_operator.section-2 to None, run_after=None
[2025-09-16T12:06:11.493+0000] {logging_mixin.py:190} INFO - [2025-09-16T12:06:11.493+0000] {dag.py:3239} INFO - Sync 2 DAGs
[2025-09-16T12:06:11.496+0000] {logging_mixin.py:190} INFO - [2025-09-16T12:06:11.496+0000] {dag.py:4180} INFO - Setting next_dagrun for example_subdag_operator.section-1 to None, run_after=None
[2025-09-16T12:06:11.496+0000] {logging_mixin.py:190} INFO - [2025-09-16T12:06:11.496+0000] {dag.py:4180} INFO - Setting next_dagrun for example_subdag_operator.section-2 to None, run_after=None
[2025-09-16T12:06:11.502+0000] {processor.py:208} INFO - Processing /home/airflow/.local/lib/python3.12/site-packages/airflow/example_dags/example_subdag_operator.py took 0.056 seconds
[2025-09-16T12:07:08.406+0000] {processor.py:186} INFO - Started process (PID=416) to work on /home/airflow/.local/lib/python3.12/site-packages/airflow/example_dags/example_subdag_operator.py
[2025-09-16T12:07:08.407+0000] {processor.py:914} INFO - Processing file /home/airflow/.local/lib/python3.12/site-packages/airflow/example_dags/example_subdag_operator.py for tasks to queue
[2025-09-16T12:07:08.408+0000] {logging_mixin.py:190} INFO - [2025-09-16T12:07:08.407+0000] {dagbag.py:588} INFO - Filling up the DagBag from /home/airflow/.local/lib/python3.12/site-packages/airflow/example_dags/example_subdag_operator.py
[2025-09-16T12:07:08.424+0000] {processor.py:925} INFO - DAG(s) 'example_subdag_operator.section-1', 'example_subdag_operator.section-2', 'example_subdag_operator' retrieved from /home/airflow/.local/lib/python3.12/site-packages/airflow/example_dags/example_subdag_operator.py
[2025-09-16T12:07:08.432+0000] {logging_mixin.py:190} INFO - [2025-09-16T12:07:08.431+0000] {dag.py:3239} INFO - Sync 3 DAGs
[2025-09-16T12:07:08.444+0000] {logging_mixin.py:190} INFO - [2025-09-16T12:07:08.443+0000] {dag.py:4180} INFO - Setting next_dagrun for example_subdag_operator to 2022-01-01 00:00:00+00:00, run_after=2022-01-01 00:00:00+00:00
[2025-09-16T12:07:08.447+0000] {logging_mixin.py:190} INFO - [2025-09-16T12:07:08.446+0000] {dag.py:4180} INFO - Setting next_dagrun for example_subdag_operator.section-1 to None, run_after=None
[2025-09-16T12:07:08.447+0000] {logging_mixin.py:190} INFO - [2025-09-16T12:07:08.447+0000] {dag.py:4180} INFO - Setting next_dagrun for example_subdag_operator.section-2 to None, run_after=None
[2025-09-16T12:07:08.453+0000] {logging_mixin.py:190} INFO - [2025-09-16T12:07:08.453+0000] {dag.py:3239} INFO - Sync 2 DAGs
[2025-09-16T12:07:08.457+0000] {logging_mixin.py:190} INFO - [2025-09-16T12:07:08.457+0000] {dag.py:4180} INFO - Setting next_dagrun for example_subdag_operator.section-1 to None, run_after=None
[2025-09-16T12:07:08.457+0000] {logging_mixin.py:190} INFO - [2025-09-16T12:07:08.457+0000] {dag.py:4180} INFO - Setting next_dagrun for example_subdag_operator.section-2 to None, run_after=None
[2025-09-16T12:07:08.464+0000] {processor.py:208} INFO - Processing /home/airflow/.local/lib/python3.12/site-packages/airflow/example_dags/example_subdag_operator.py took 0.061 seconds
[2025-09-16T12:07:38.803+0000] {processor.py:186} INFO - Started process (PID=702) to work on /home/airflow/.local/lib/python3.12/site-packages/airflow/example_dags/example_subdag_operator.py
[2025-09-16T12:07:38.803+0000] {processor.py:914} INFO - Processing file /home/airflow/.local/lib/python3.12/site-packages/airflow/example_dags/example_subdag_operator.py for tasks to queue
[2025-09-16T12:07:38.804+0000] {logging_mixin.py:190} INFO - [2025-09-16T12:07:38.804+0000] {dagbag.py:588} INFO - Filling up the DagBag from /home/airflow/.local/lib/python3.12/site-packages/airflow/example_dags/example_subdag_operator.py
[2025-09-16T12:07:38.817+0000] {processor.py:925} INFO - DAG(s) 'example_subdag_operator.section-1', 'example_subdag_operator.section-2', 'example_subdag_operator' retrieved from /home/airflow/.local/lib/python3.12/site-packages/airflow/example_dags/example_subdag_operator.py
[2025-09-16T12:07:38.824+0000] {logging_mixin.py:190} INFO - [2025-09-16T12:07:38.824+0000] {dag.py:3239} INFO - Sync 3 DAGs
[2025-09-16T12:07:38.836+0000] {logging_mixin.py:190} INFO - [2025-09-16T12:07:38.836+0000] {dag.py:4180} INFO - Setting next_dagrun for example_subdag_operator to 2022-01-01 00:00:00+00:00, run_after=2022-01-01 00:00:00+00:00
[2025-09-16T12:07:38.838+0000] {logging_mixin.py:190} INFO - [2025-09-16T12:07:38.838+0000] {dag.py:4180} INFO - Setting next_dagrun for example_subdag_operator.section-1 to None, run_after=None
[2025-09-16T12:07:38.839+0000] {logging_mixin.py:190} INFO - [2025-09-16T12:07:38.839+0000] {dag.py:4180} INFO - Setting next_dagrun for example_subdag_operator.section-2 to None, run_after=None
[2025-09-16T12:07:38.842+0000] {logging_mixin.py:190} INFO - [2025-09-16T12:07:38.842+0000] {dag.py:3239} INFO - Sync 2 DAGs
[2025-09-16T12:07:38.846+0000] {logging_mixin.py:190} INFO - [2025-09-16T12:07:38.846+0000] {dag.py:4180} INFO - Setting next_dagrun for example_subdag_operator.section-1 to None, run_after=None
[2025-09-16T12:07:38.846+0000] {logging_mixin.py:190} INFO - [2025-09-16T12:07:38.846+0000] {dag.py:4180} INFO - Setting next_dagrun for example_subdag_operator.section-2 to None, run_after=None
[2025-09-16T12:07:38.851+0000] {processor.py:208} INFO - Processing /home/airflow/.local/lib/python3.12/site-packages/airflow/example_dags/example_subdag_operator.py took 0.052 seconds
[2025-09-16T12:08:09.060+0000] {processor.py:186} INFO - Started process (PID=988) to work on /home/airflow/.local/lib/python3.12/site-packages/airflow/example_dags/example_subdag_operator.py
[2025-09-16T12:08:09.061+0000] {processor.py:914} INFO - Processing file /home/airflow/.local/lib/python3.12/site-packages/airflow/example_dags/example_subdag_operator.py for tasks to queue
[2025-09-16T12:08:09.062+0000] {logging_mixin.py:190} INFO - [2025-09-16T12:08:09.062+0000] {dagbag.py:588} INFO - Filling up the DagBag from /home/airflow/.local/lib/python3.12/site-packages/airflow/example_dags/example_subdag_operator.py
[2025-09-16T12:08:09.078+0000] {processor.py:925} INFO - DAG(s) 'example_subdag_operator.section-1', 'example_subdag_operator.section-2', 'example_subdag_operator' retrieved from /home/airflow/.local/lib/python3.12/site-packages/airflow/example_dags/example_subdag_operator.py
[2025-09-16T12:08:09.085+0000] {logging_mixin.py:190} INFO - [2025-09-16T12:08:09.085+0000] {dag.py:3239} INFO - Sync 3 DAGs
[2025-09-16T12:08:09.097+0000] {logging_mixin.py:190} INFO - [2025-09-16T12:08:09.097+0000] {dag.py:4180} INFO - Setting next_dagrun for example_subdag_operator to 2022-01-01 00:00:00+00:00, run_after=2022-01-01 00:00:00+00:00
[2025-09-16T12:08:09.099+0000] {logging_mixin.py:190} INFO - [2025-09-16T12:08:09.099+0000] {dag.py:4180} INFO - Setting next_dagrun for example_subdag_operator.section-1 to None, run_after=None
[2025-09-16T12:08:09.099+0000] {logging_mixin.py:190} INFO - [2025-09-16T12:08:09.099+0000] {dag.py:4180} INFO - Setting next_dagrun for example_subdag_operator.section-2 to None, run_after=None
[2025-09-16T12:08:09.103+0000] {logging_mixin.py:190} INFO - [2025-09-16T12:08:09.103+0000] {dag.py:3239} INFO - Sync 2 DAGs
[2025-09-16T12:08:09.105+0000] {logging_mixin.py:190} INFO - [2025-09-16T12:08:09.105+0000] {dag.py:4180} INFO - Setting next_dagrun for example_subdag_operator.section-1 to None, run_after=None
[2025-09-16T12:08:09.105+0000] {logging_mixin.py:190} INFO - [2025-09-16T12:08:09.105+0000] {dag.py:4180} INFO - Setting next_dagrun for example_subdag_operator.section-2 to None, run_after=None
[2025-09-16T12:08:09.110+0000] {processor.py:208} INFO - Processing /home/airflow/.local/lib/python3.12/site-packages/airflow/example_dags/example_subdag_operator.py took 0.053 seconds
[2025-09-16T12:08:39.490+0000] {processor.py:186} INFO - Started process (PID=1273) to work on /home/airflow/.local/lib/python3.12/site-packages/airflow/example_dags/example_subdag_operator.py
[2025-09-16T12:08:39.490+0000] {processor.py:914} INFO - Processing file /home/airflow/.local/lib/python3.12/site-packages/airflow/example_dags/example_subdag_operator.py for tasks to queue
[2025-09-16T12:08:39.491+0000] {logging_mixin.py:190} INFO - [2025-09-16T12:08:39.491+0000] {dagbag.py:588} INFO - Filling up the DagBag from /home/airflow/.local/lib/python3.12/site-packages/airflow/example_dags/example_subdag_operator.py
[2025-09-16T12:08:39.507+0000] {processor.py:925} INFO - DAG(s) 'example_subdag_operator.section-1', 'example_subdag_operator.section-2', 'example_subdag_operator' retrieved from /home/airflow/.local/lib/python3.12/site-packages/airflow/example_dags/example_subdag_operator.py
[2025-09-16T12:08:39.514+0000] {logging_mixin.py:190} INFO - [2025-09-16T12:08:39.514+0000] {dag.py:3239} INFO - Sync 3 DAGs
[2025-09-16T12:08:39.526+0000] {logging_mixin.py:190} INFO - [2025-09-16T12:08:39.526+0000] {dag.py:4180} INFO - Setting next_dagrun for example_subdag_operator to 2022-01-01 00:00:00+00:00, run_after=2022-01-01 00:00:00+00:00
[2025-09-16T12:08:39.528+0000] {logging_mixin.py:190} INFO - [2025-09-16T12:08:39.528+0000] {dag.py:4180} INFO - Setting next_dagrun for example_subdag_operator.section-1 to None, run_after=None
[2025-09-16T12:08:39.528+0000] {logging_mixin.py:190} INFO - [2025-09-16T12:08:39.528+0000] {dag.py:4180} INFO - Setting next_dagrun for example_subdag_operator.section-2 to None, run_after=None
[2025-09-16T12:08:39.532+0000] {logging_mixin.py:190} INFO - [2025-09-16T12:08:39.532+0000] {dag.py:3239} INFO - Sync 2 DAGs
[2025-09-16T12:08:39.534+0000] {logging_mixin.py:190} INFO - [2025-09-16T12:08:39.534+0000] {dag.py:4180} INFO - Setting next_dagrun for example_subdag_operator.section-1 to None, run_after=None
[2025-09-16T12:08:39.534+0000] {logging_mixin.py:190} INFO - [2025-09-16T12:08:39.534+0000] {dag.py:4180} INFO - Setting next_dagrun for example_subdag_operator.section-2 to None, run_after=None
[2025-09-16T12:08:39.539+0000] {processor.py:208} INFO - Processing /home/airflow/.local/lib/python3.12/site-packages/airflow/example_dags/example_subdag_operator.py took 0.053 seconds
[2025-09-16T12:10:09.136+0000] {processor.py:186} INFO - Started process (PID=409) to work on /home/airflow/.local/lib/python3.12/site-packages/airflow/example_dags/example_subdag_operator.py
[2025-09-16T12:10:09.137+0000] {processor.py:914} INFO - Processing file /home/airflow/.local/lib/python3.12/site-packages/airflow/example_dags/example_subdag_operator.py for tasks to queue
[2025-09-16T12:10:09.138+0000] {logging_mixin.py:190} INFO - [2025-09-16T12:10:09.138+0000] {dagbag.py:588} INFO - Filling up the DagBag from /home/airflow/.local/lib/python3.12/site-packages/airflow/example_dags/example_subdag_operator.py
[2025-09-16T12:10:09.152+0000] {processor.py:925} INFO - DAG(s) 'example_subdag_operator.section-1', 'example_subdag_operator.section-2', 'example_subdag_operator' retrieved from /home/airflow/.local/lib/python3.12/site-packages/airflow/example_dags/example_subdag_operator.py
[2025-09-16T12:10:09.159+0000] {logging_mixin.py:190} INFO - [2025-09-16T12:10:09.159+0000] {dag.py:3239} INFO - Sync 3 DAGs
[2025-09-16T12:10:09.171+0000] {logging_mixin.py:190} INFO - [2025-09-16T12:10:09.171+0000] {dag.py:4180} INFO - Setting next_dagrun for example_subdag_operator to 2022-01-01 00:00:00+00:00, run_after=2022-01-01 00:00:00+00:00
[2025-09-16T12:10:09.173+0000] {logging_mixin.py:190} INFO - [2025-09-16T12:10:09.173+0000] {dag.py:4180} INFO - Setting next_dagrun for example_subdag_operator.section-1 to None, run_after=None
[2025-09-16T12:10:09.174+0000] {logging_mixin.py:190} INFO - [2025-09-16T12:10:09.174+0000] {dag.py:4180} INFO - Setting next_dagrun for example_subdag_operator.section-2 to None, run_after=None
[2025-09-16T12:10:09.178+0000] {logging_mixin.py:190} INFO - [2025-09-16T12:10:09.178+0000] {dag.py:3239} INFO - Sync 2 DAGs
[2025-09-16T12:10:09.181+0000] {logging_mixin.py:190} INFO - [2025-09-16T12:10:09.181+0000] {dag.py:4180} INFO - Setting next_dagrun for example_subdag_operator.section-1 to None, run_after=None
[2025-09-16T12:10:09.181+0000] {logging_mixin.py:190} INFO - [2025-09-16T12:10:09.181+0000] {dag.py:4180} INFO - Setting next_dagrun for example_subdag_operator.section-2 to None, run_after=None
[2025-09-16T12:10:09.187+0000] {processor.py:208} INFO - Processing /home/airflow/.local/lib/python3.12/site-packages/airflow/example_dags/example_subdag_operator.py took 0.054 seconds
[2025-09-16T12:10:39.733+0000] {processor.py:186} INFO - Started process (PID=697) to work on /home/airflow/.local/lib/python3.12/site-packages/airflow/example_dags/example_subdag_operator.py
[2025-09-16T12:10:39.735+0000] {processor.py:914} INFO - Processing file /home/airflow/.local/lib/python3.12/site-packages/airflow/example_dags/example_subdag_operator.py for tasks to queue
[2025-09-16T12:10:39.736+0000] {logging_mixin.py:190} INFO - [2025-09-16T12:10:39.736+0000] {dagbag.py:588} INFO - Filling up the DagBag from /home/airflow/.local/lib/python3.12/site-packages/airflow/example_dags/example_subdag_operator.py
[2025-09-16T12:10:39.751+0000] {processor.py:925} INFO - DAG(s) 'example_subdag_operator.section-1', 'example_subdag_operator.section-2', 'example_subdag_operator' retrieved from /home/airflow/.local/lib/python3.12/site-packages/airflow/example_dags/example_subdag_operator.py
[2025-09-16T12:10:39.758+0000] {logging_mixin.py:190} INFO - [2025-09-16T12:10:39.757+0000] {dag.py:3239} INFO - Sync 3 DAGs
[2025-09-16T12:10:39.769+0000] {logging_mixin.py:190} INFO - [2025-09-16T12:10:39.769+0000] {dag.py:4180} INFO - Setting next_dagrun for example_subdag_operator to 2022-01-01 00:00:00+00:00, run_after=2022-01-01 00:00:00+00:00
[2025-09-16T12:10:39.771+0000] {logging_mixin.py:190} INFO - [2025-09-16T12:10:39.771+0000] {dag.py:4180} INFO - Setting next_dagrun for example_subdag_operator.section-1 to None, run_after=None
[2025-09-16T12:10:39.771+0000] {logging_mixin.py:190} INFO - [2025-09-16T12:10:39.771+0000] {dag.py:4180} INFO - Setting next_dagrun for example_subdag_operator.section-2 to None, run_after=None
[2025-09-16T12:10:39.774+0000] {logging_mixin.py:190} INFO - [2025-09-16T12:10:39.774+0000] {dag.py:3239} INFO - Sync 2 DAGs
[2025-09-16T12:10:39.777+0000] {logging_mixin.py:190} INFO - [2025-09-16T12:10:39.777+0000] {dag.py:4180} INFO - Setting next_dagrun for example_subdag_operator.section-1 to None, run_after=None
[2025-09-16T12:10:39.777+0000] {logging_mixin.py:190} INFO - [2025-09-16T12:10:39.777+0000] {dag.py:4180} INFO - Setting next_dagrun for example_subdag_operator.section-2 to None, run_after=None
[2025-09-16T12:10:39.783+0000] {processor.py:208} INFO - Processing /home/airflow/.local/lib/python3.12/site-packages/airflow/example_dags/example_subdag_operator.py took 0.053 seconds
